<?xml version="1.0" encoding="UTF-8"?>
<!-- Generated by org.testng.reporters.JUnitReportReporter -->
<testsuite hostname="AIPL4914LT12127" failures="0" tests="1" name="testScripts.InvalidLogin" time="12.969" errors="0" timestamp="2023-11-30T20:07:37 IST" skipped="0">
  <testcase classname="testScripts.InvalidLogin" name="invalidlogin" time="12.969"/>
  <system-out/>
</testsuite> <!-- testScripts.InvalidLogin -->
