<?xml version="1.0" encoding="UTF-8"?>
<!-- Generated by org.testng.reporters.JUnitReportReporter -->
<testsuite hostname="AIPL4914LT12127" failures="0" tests="1" name="testScripts.InvalidLogin" time="16.971" errors="0" timestamp="2023-11-30T18:45:43 IST" skipped="0">
  <testcase classname="testScripts.InvalidLogin" name="invalidlogin" time="16.971"/>
  <system-out/>
</testsuite> <!-- testScripts.InvalidLogin -->
